<?xml version="1.0" encoding="UTF-8"?>
<!-- Generated by org.testng.reporters.JUnitReportReporter -->
<testsuite hostname="DESKTOP-54E8VAE" failures="0" tests="2" name="PageFactoryandTestdata.Locatiors" time="16.139" errors="0" timestamp="2021-02-27T16:39:29 PKT" skipped="0">
  <testcase classname="PageFactoryandTestdata.Locatiors" name="LoginApp" time="15.164"/>
  <testcase classname="PageFactoryandTestdata.Locatiors" name="Mail" time="0.975"/>
</testsuite> <!-- PageFactoryandTestdata.Locatiors -->
