<?xml version="1.0" encoding="UTF-8"?>
<!-- Generated by org.testng.reporters.JUnitReportReporter -->
<testsuite hostname="MACPK-WKS-0132" failures="0" tests="8" name="Master.ExecutionFile" time="171.522" errors="0" timestamp="2021-03-16T21:37:02 PKT" skipped="0">
  <testcase classname="Master.ExecutionFile" name="SignUp" time="59.420"/>
  <testcase classname="Master.ExecutionFile" name="Logout" time="12.237"/>
  <testcase classname="Master.ExecutionFile" name="ForgotPassword" time="11.341"/>
  <testcase classname="Master.ExecutionFile" name="ALoginWithAdmin" time="21.421"/>
  <testcase classname="Master.ExecutionFile" name="Chat" time="23.197"/>
  <testcase classname="Master.ExecutionFile" name="LogoutAdmin" time="11.969"/>
  <testcase classname="Master.ExecutionFile" name="LoginApp" time="12.985"/>
  <testcase classname="Master.ExecutionFile" name="Delete_User" time="18.952"/>
</testsuite> <!-- Master.ExecutionFile -->
