<?xml version="1.0" encoding="UTF-8"?>
<!-- Generated by org.testng.reporters.JUnitReportReporter -->
<testsuite hostname="MACPK-WKS-0132" failures="0" tests="46" name="Master.ExecutionFile" time="437.636" errors="1" timestamp="2021-03-12T17:37:36 PKT" skipped="0">
  <testcase classname="Master.ExecutionFile" name="SignUp" time="57.055"/>
  <testcase classname="Master.ExecutionFile" name="Logout" time="12.945"/>
  <testcase classname="Master.ExecutionFile" name="ForgotPassword" time="10.787"/>
  <testcase classname="Master.ExecutionFile" name="LoginApp" time="13.558"/>
  <testcase classname="Master.ExecutionFile" name="Delete_User" time="18.691"/>
  <testcase classname="Master.ExecutionFile" name="ALoginApp" time="9.856"/>
  <testcase classname="Master.ExecutionFile" name="Profile" time="17.872"/>
  <testcase classname="Master.ExecutionFile" name="EditVideos" time="11.979"/>
  <testcase classname="Master.ExecutionFile" name="EditAccount" time="21.192"/>
  <testcase classname="Master.ExecutionFile" name="EditPhotos" time="27.302"/>
  <testcase classname="Master.ExecutionFile" name="EditPersonal" time="16.252"/>
  <testcase classname="Master.ExecutionFile" name="EditPartner" time="15.169"/>
  <testcase classname="Master.ExecutionFile" name="EditSettings" time="14.995"/>
  <testcase classname="Master.ExecutionFile" name="EditVerification" time="43.126"/>
  <testcase classname="Master.ExecutionFile" name="Chat" time="49.623">
    <error message="no such element: Unable to locate element: {&quot;method&quot;:&quot;xpath&quot;,&quot;selector&quot;:&quot;//div[contains(text(), &#039;Your favourite added successfully.&#039;)]&quot;}
  (Session info: chrome=89.0.4389.82)
For documentation on this error, please visit: https://www.seleniumhq.org/exceptions/no_such_element.html
Build info: version: &#039;3.141.59&#039;, revision: &#039;e82be7d358&#039;, time: &#039;2018-11-14T08:17:03&#039;
System info: host: &#039;MACPK-WKS-0132&#039;, ip: &#039;172.25.178.139&#039;, os.name: &#039;Windows 10&#039;, os.arch: &#039;amd64&#039;, os.version: &#039;10.0&#039;, java.version: &#039;12.0.2&#039;
Driver info: org.openqa.selenium.chrome.ChromeDriver
Capabilities {acceptInsecureCerts: false, browserName: chrome, browserVersion: 89.0.4389.82, chrome: {chromedriverVersion: 89.0.4389.23 (61b08ee2c5002..., userDataDir: C:\Users\MUHAMM~1.IFT\AppDa...}, goog:chromeOptions: {debuggerAddress: localhost:50826}, javascriptEnabled: true, networkConnectionEnabled: false, pageLoadStrategy: normal, platform: WINDOWS, platformName: WINDOWS, proxy: Proxy(), setWindowRect: true, strictFileInteractability: false, timeouts: {implicit: 0, pageLoad: 300000, script: 30000}, unhandledPromptBehavior: dismiss and notify, webauthn:extension:largeBlob: true, webauthn:virtualAuthenticators: true}
Session ID: ce8205db47caff242066525f30e2048a
*** Element info: {Using=xpath, value=//div[contains(text(), &#039;Your favourite added successfully.&#039;)]}" type="org.openqa.selenium.NoSuchElementException">
      <![CDATA[org.openqa.selenium.NoSuchElementException: no such element: Unable to locate element: {"method":"xpath","selector":"//div[contains(text(), 'Your favourite added successfully.')]"}
  (Session info: chrome=89.0.4389.82)
For documentation on this error, please visit: https://www.seleniumhq.org/exceptions/no_such_element.html
Build info: version: '3.141.59', revision: 'e82be7d358', time: '2018-11-14T08:17:03'
System info: host: 'MACPK-WKS-0132', ip: '172.25.178.139', os.name: 'Windows 10', os.arch: 'amd64', os.version: '10.0', java.version: '12.0.2'
Driver info: org.openqa.selenium.chrome.ChromeDriver
Capabilities {acceptInsecureCerts: false, browserName: chrome, browserVersion: 89.0.4389.82, chrome: {chromedriverVersion: 89.0.4389.23 (61b08ee2c5002..., userDataDir: C:\Users\MUHAMM~1.IFT\AppDa...}, goog:chromeOptions: {debuggerAddress: localhost:50826}, javascriptEnabled: true, networkConnectionEnabled: false, pageLoadStrategy: normal, platform: WINDOWS, platformName: WINDOWS, proxy: Proxy(), setWindowRect: true, strictFileInteractability: false, timeouts: {implicit: 0, pageLoad: 300000, script: 30000}, unhandledPromptBehavior: dismiss and notify, webauthn:extension:largeBlob: true, webauthn:virtualAuthenticators: true}
Session ID: ce8205db47caff242066525f30e2048a
*** Element info: {Using=xpath, value=//div[contains(text(), 'Your favourite added successfully.')]}
at java.base/jdk.internal.reflect.NativeConstructorAccessorImpl.newInstance0(Native Method)
at java.base/jdk.internal.reflect.NativeConstructorAccessorImpl.newInstance(NativeConstructorAccessorImpl.java:62)
at java.base/jdk.internal.reflect.DelegatingConstructorAccessorImpl.newInstance(DelegatingConstructorAccessorImpl.java:45)
at java.base/java.lang.reflect.Constructor.newInstanceWithCaller(Constructor.java:500)
at java.base/java.lang.reflect.Constructor.newInstance(Constructor.java:481)
at org.openqa.selenium.remote.http.W3CHttpResponseCodec.createException(W3CHttpResponseCodec.java:187)
at org.openqa.selenium.remote.http.W3CHttpResponseCodec.decode(W3CHttpResponseCodec.java:122)
at org.openqa.selenium.remote.http.W3CHttpResponseCodec.decode(W3CHttpResponseCodec.java:49)
at org.openqa.selenium.remote.HttpCommandExecutor.execute(HttpCommandExecutor.java:158)
at org.openqa.selenium.remote.service.DriverCommandExecutor.execute(DriverCommandExecutor.java:83)
at org.openqa.selenium.remote.RemoteWebDriver.execute(RemoteWebDriver.java:552)
at org.openqa.selenium.remote.RemoteWebDriver.findElement(RemoteWebDriver.java:323)
at org.openqa.selenium.remote.RemoteWebDriver.findElementByXPath(RemoteWebDriver.java:428)
at org.openqa.selenium.By$ByXPath.findElement(By.java:353)
at org.openqa.selenium.remote.RemoteWebDriver.findElement(RemoteWebDriver.java:315)
at org.openqa.selenium.support.pagefactory.DefaultElementLocator.findElement(DefaultElementLocator.java:70)
at org.openqa.selenium.support.pagefactory.internal.LocatingElementHandler.invoke(LocatingElementHandler.java:39)
at com.sun.proxy.$Proxy15.isDisplayed(Unknown Source)
at TestCases.Chat.chat(Chat.java:47)
at Master.ExecutionFile.Chat(ExecutionFile.java:148)
at java.base/jdk.internal.reflect.NativeMethodAccessorImpl.invoke0(Native Method)
at java.base/jdk.internal.reflect.NativeMethodAccessorImpl.invoke(NativeMethodAccessorImpl.java:62)
at java.base/jdk.internal.reflect.DelegatingMethodAccessorImpl.invoke(DelegatingMethodAccessorImpl.java:43)
at java.base/java.lang.reflect.Method.invoke(Method.java:567)
at org.testng.internal.MethodInvocationHelper.invokeMethod(MethodInvocationHelper.java:133)
at org.testng.internal.TestInvoker.invokeMethod(TestInvoker.java:584)
at org.testng.internal.TestInvoker.invokeTestMethod(TestInvoker.java:172)
at org.testng.internal.MethodRunner.runInSequence(MethodRunner.java:46)
at org.testng.internal.TestInvoker$MethodInvocationAgent.invoke(TestInvoker.java:804)
at org.testng.internal.TestInvoker.invokeTestMethods(TestInvoker.java:145)
at org.testng.internal.TestMethodWorker.invokeTestMethods(TestMethodWorker.java:146)
at org.testng.internal.TestMethodWorker.run(TestMethodWorker.java:128)
at java.base/java.util.ArrayList.forEach(ArrayList.java:1540)
at org.testng.TestRunner.privateRun(TestRunner.java:770)
at org.testng.TestRunner.run(TestRunner.java:591)
at org.testng.SuiteRunner.runTest(SuiteRunner.java:402)
at org.testng.SuiteRunner.runSequentially(SuiteRunner.java:396)
at org.testng.SuiteRunner.privateRun(SuiteRunner.java:355)
at org.testng.SuiteRunner.run(SuiteRunner.java:304)
at org.testng.SuiteRunnerWorker.runSuite(SuiteRunnerWorker.java:53)
at org.testng.SuiteRunnerWorker.run(SuiteRunnerWorker.java:96)
at org.testng.TestNG.runSuitesSequentially(TestNG.java:1180)
at org.testng.TestNG.runSuitesLocally(TestNG.java:1102)
at org.testng.TestNG.runSuites(TestNG.java:1032)
at org.testng.TestNG.run(TestNG.java:1000)
at org.testng.remote.AbstractRemoteTestNG.run(AbstractRemoteTestNG.java:115)
at org.testng.remote.RemoteTestNG.initAndRun(RemoteTestNG.java:251)
at org.testng.remote.RemoteTestNG.main(RemoteTestNG.java:77)
]]>
    </error>
  </testcase> <!-- Chat -->
  <testcase classname="Master.ExecutionFile" name="BasicSearch" time="5.221"/>
  <testcase classname="Master.ExecutionFile" name="AdvanceSearch" time="6.924"/>
  <testcase classname="Master.ExecutionFile" name="PhotoGallery" time="3.695"/>
  <testcase classname="Master.ExecutionFile" name="VideoGallery" time="2.030"/>
  <testcase classname="Master.ExecutionFile" name="OnlineMembers" time="2.157"/>
  <testcase classname="Master.ExecutionFile" name="RecentMembers" time="2.991"/>
  <testcase classname="Master.ExecutionFile" name="VerifiedMembers" time="5.814"/>
  <testcase classname="Master.ExecutionFile" name="NewestMembers" time="2.271"/>
  <testcase classname="Master.ExecutionFile" name="FeaturedMembers" time="2.056"/>
  <testcase classname="Master.ExecutionFile" name="MyMatchProspects" time="3.019"/>
  <testcase classname="Master.ExecutionFile" name="mMFavouritesProspects" time="2.070"/>
  <testcase classname="Master.ExecutionFile" name="FavoursMeProspects" time="1.682"/>
  <testcase classname="Master.ExecutionFile" name="MyViewedProspects" time="2.173"/>
  <testcase classname="Master.ExecutionFile" name="ViewedMeProspects" time="1.600"/>
  <testcase classname="Master.ExecutionFile" name="MyBlockedProspects" time="1.653"/>
  <testcase classname="Master.ExecutionFile" name="SentMailMessages" time="2.204"/>
  <testcase classname="Master.ExecutionFile" name="ReceivedInterestsMessages" time="1.874"/>
  <testcase classname="Master.ExecutionFile" name="SentInterestMessages" time="1.849"/>
  <testcase classname="Master.ExecutionFile" name="ChatConversationsMessages" time="3.472"/>
  <testcase classname="Master.ExecutionFile" name="OnlineSecuritySupport" time="2.145"/>
  <testcase classname="Master.ExecutionFile" name="RelationshipAdviceSupport" time="1.408"/>
  <testcase classname="Master.ExecutionFile" name="HelpPagesSupport" time="1.973"/>
  <testcase classname="Master.ExecutionFile" name="TestimonialsSupport" time="2.274"/>
  <testcase classname="Master.ExecutionFile" name="AboutUsSupport" time="1.488"/>
  <testcase classname="Master.ExecutionFile" name="ContactUsSupport" time="5.899"/>
  <testcase classname="Master.ExecutionFile" name="Viewed" time="1.909"/>
  <testcase classname="Master.ExecutionFile" name="Recent" time="2.062"/>
  <testcase classname="Master.ExecutionFile" name="Online" time="1.705"/>
  <testcase classname="Master.ExecutionFile" name="Favours" time="2.035"/>
  <testcase classname="Master.ExecutionFile" name="Interests" time="2.503"/>
  <testcase classname="Master.ExecutionFile" name="Mail" time="17.078"/>
</testsuite> <!-- Master.ExecutionFile -->
