<?xml version="1.0" encoding="UTF-8"?>
<!-- Generated by org.testng.reporters.JUnitReportReporter -->
<testsuite hostname="DESKTOP-54E8VAE" failures="0" tests="2" name="TestCases.Gallery" time="67.026" errors="0" timestamp="2021-02-25T22:40:03 PKT" skipped="0">
  <testcase classname="TestCases.Gallery" name="LoginApp" time="61.502"/>
  <testcase classname="TestCases.Gallery" name="VideoGallery" time="5.524"/>
</testsuite> <!-- TestCases.Gallery -->
