<?xml version="1.0" encoding="UTF-8"?>
<!-- Generated by org.testng.reporters.JUnitReportReporter -->
<testsuite hostname="DESKTOP-54E8VAE" failures="0" tests="7" name="TestCases.Prospects" time="22.454" errors="0" timestamp="2021-02-26T07:35:02 PKT" skipped="0">
  <testcase classname="TestCases.Prospects" name="LoginApp" time="14.917"/>
  <testcase classname="TestCases.Prospects" name="MyMatchProspects" time="1.070"/>
  <testcase classname="TestCases.Prospects" name="mMFavouritesProspects" time="0.872"/>
  <testcase classname="TestCases.Prospects" name="FavoursMeProspects" time="1.168"/>
  <testcase classname="TestCases.Prospects" name="MyViewedProspects" time="1.062"/>
  <testcase classname="TestCases.Prospects" name="ViewedMeProspects" time="0.954"/>
  <testcase classname="TestCases.Prospects" name="MyBlockedProspects" time="2.411"/>
</testsuite> <!-- TestCases.Prospects -->
