<?xml version="1.0" encoding="UTF-8"?>
<!-- Generated by org.testng.reporters.JUnitReportReporter -->
<testsuite hostname="MACPK-WKS-0132" failures="0" tests="50" name="Master.ExecutionFile" time="414.078" errors="0" timestamp="2021-03-17T11:38:58 PKT" skipped="0">
  <testcase classname="Master.ExecutionFile" name="DeletePhoto" time="0.514"/>
  <testcase classname="Master.ExecutionFile" name="SignUp" time="50.568"/>
  <testcase classname="Master.ExecutionFile" name="Logout" time="11.669"/>
  <testcase classname="Master.ExecutionFile" name="ForgotPassword" time="10.262"/>
  <testcase classname="Master.ExecutionFile" name="ALoginWithAdmin" time="12.458"/>
  <testcase classname="Master.ExecutionFile" name="Viewed" time="2.903"/>
  <testcase classname="Master.ExecutionFile" name="Recent" time="17.123"/>
  <testcase classname="Master.ExecutionFile" name="Online" time="1.397"/>
  <testcase classname="Master.ExecutionFile" name="Favours" time="1.553"/>
  <testcase classname="Master.ExecutionFile" name="Interests" time="1.934"/>
  <testcase classname="Master.ExecutionFile" name="Mail" time="17.039"/>
  <testcase classname="Master.ExecutionFile" name="Chat" time="20.698"/>
  <testcase classname="Master.ExecutionFile" name="ReportProfile" time="12.508"/>
  <testcase classname="Master.ExecutionFile" name="BlockProfile" time="11.661"/>
  <testcase classname="Master.ExecutionFile" name="Profile" time="17.154"/>
  <testcase classname="Master.ExecutionFile" name="EditVideos" time="11.041"/>
  <testcase classname="Master.ExecutionFile" name="EditAccount" time="21.972"/>
  <testcase classname="Master.ExecutionFile" name="EditPhotos" time="31.757"/>
  <testcase classname="Master.ExecutionFile" name="EditPersonal" time="14.106"/>
  <testcase classname="Master.ExecutionFile" name="EditPartner" time="14.009"/>
  <testcase classname="Master.ExecutionFile" name="EditSettings" time="12.902"/>
  <testcase classname="Master.ExecutionFile" name="EditVerification" time="22.118"/>
  <testcase classname="Master.ExecutionFile" name="BasicSearch" time="4.667"/>
  <testcase classname="Master.ExecutionFile" name="AdvanceSearch" time="4.442"/>
  <testcase classname="Master.ExecutionFile" name="PhotoGallery" time="2.631"/>
  <testcase classname="Master.ExecutionFile" name="VideoGallery" time="1.639"/>
  <testcase classname="Master.ExecutionFile" name="OnlineMembers" time="1.771"/>
  <testcase classname="Master.ExecutionFile" name="RecentMembers" time="2.161"/>
  <testcase classname="Master.ExecutionFile" name="VerifiedMembers" time="4.718"/>
  <testcase classname="Master.ExecutionFile" name="NewestMembers" time="1.927"/>
  <testcase classname="Master.ExecutionFile" name="FeaturedMembers" time="2.053"/>
  <testcase classname="Master.ExecutionFile" name="MyMatchProspects" time="1.587"/>
  <testcase classname="Master.ExecutionFile" name="mMFavouritesProspects" time="1.988"/>
  <testcase classname="Master.ExecutionFile" name="FavoursMeProspects" time="1.639"/>
  <testcase classname="Master.ExecutionFile" name="MyViewedProspects" time="1.649"/>
  <testcase classname="Master.ExecutionFile" name="ViewedMeProspects" time="1.636"/>
  <testcase classname="Master.ExecutionFile" name="MyBlockedProspects" time="1.837"/>
  <testcase classname="Master.ExecutionFile" name="SentMailMessages" time="1.834"/>
  <testcase classname="Master.ExecutionFile" name="ReceivedInterestsMessages" time="1.703"/>
  <testcase classname="Master.ExecutionFile" name="SentInterestMessages" time="1.674"/>
  <testcase classname="Master.ExecutionFile" name="ChatConversationsMessages" time="0.216"/>
  <testcase classname="Master.ExecutionFile" name="OnlineSecuritySupport" time="1.601"/>
  <testcase classname="Master.ExecutionFile" name="RelationshipAdviceSupport" time="1.558"/>
  <testcase classname="Master.ExecutionFile" name="HelpPagesSupport" time="1.265"/>
  <testcase classname="Master.ExecutionFile" name="TestimonialsSupport" time="1.543"/>
  <testcase classname="Master.ExecutionFile" name="AboutUsSupport" time="1.466"/>
  <testcase classname="Master.ExecutionFile" name="ContactUsSupport" time="5.796"/>
  <testcase classname="Master.ExecutionFile" name="LogoutAdmin" time="11.472"/>
  <testcase classname="Master.ExecutionFile" name="LoginNewUser" time="12.376"/>
  <testcase classname="Master.ExecutionFile" name="Delete_User" time="17.883"/>
</testsuite> <!-- Master.ExecutionFile -->
