<?xml version="1.0" encoding="UTF-8"?>
<!-- Generated by org.testng.reporters.JUnitReportReporter -->
<testsuite hostname="MACPK-WKS-0132" failures="0" tests="14" name="Master.ExecutionFile" time="166.390" errors="0" timestamp="2021-03-16T19:18:48 PKT" skipped="0">
  <testcase classname="Master.ExecutionFile" name="SignUp" time="51.594"/>
  <testcase classname="Master.ExecutionFile" name="Logout" time="11.775"/>
  <testcase classname="Master.ExecutionFile" name="ForgotPassword" time="10.157"/>
  <testcase classname="Master.ExecutionFile" name="ALoginApp" time="21.264"/>
  <testcase classname="Master.ExecutionFile" name="Viewed" time="1.433"/>
  <testcase classname="Master.ExecutionFile" name="Recent" time="2.946"/>
  <testcase classname="Master.ExecutionFile" name="Online" time="1.979"/>
  <testcase classname="Master.ExecutionFile" name="Favours" time="1.434"/>
  <testcase classname="Master.ExecutionFile" name="Interests" time="1.397"/>
  <testcase classname="Master.ExecutionFile" name="Mail" time="18.850"/>
  <testcase classname="Master.ExecutionFile" name="Chat" time="0.267"/>
  <testcase classname="Master.ExecutionFile" name="LogoutAdmin" time="11.530"/>
  <testcase classname="Master.ExecutionFile" name="LoginApp" time="12.809"/>
  <testcase classname="Master.ExecutionFile" name="Delete_User" time="18.955"/>
</testsuite> <!-- Master.ExecutionFile -->
