<?xml version="1.0" encoding="UTF-8"?>
<!-- Generated by org.testng.reporters.JUnitReportReporter -->
<testsuite hostname="DESKTOP-54E8VAE" failures="0" tests="2" name="TestCases.Favours" time="15.857" errors="0" timestamp="2021-02-27T16:11:27 PKT" skipped="0">
  <testcase classname="TestCases.Favours" name="LoginApp" time="14.579"/>
  <testcase classname="TestCases.Favours" name="Favours" time="1.278"/>
</testsuite> <!-- TestCases.Favours -->
