<?xml version="1.0" encoding="UTF-8"?>
<!-- Generated by org.testng.reporters.JUnitReportReporter -->
<testsuite hostname="DESKTOP-54E8VAE" failures="0" tests="3" name="TestCases.Profile" time="43.451" errors="0" timestamp="2021-03-17T08:53:40 PKT" skipped="0">
  <testcase classname="TestCases.Profile" name="ALoginWithAdmin" time="14.254"/>
  <testcase classname="TestCases.Profile" name="EditPhotos" time="28.828"/>
  <testcase classname="TestCases.Profile" name="DeletePhoto" time="0.369"/>
</testsuite> <!-- TestCases.Profile -->
