<?xml version="1.0" encoding="UTF-8"?>
<!-- Generated by org.testng.reporters.JUnitReportReporter -->
<testsuite hostname="DESKTOP-54E8VAE" failures="0" tests="2" name="TestCases.Messages" time="20.966" errors="0" timestamp="2021-03-17T09:09:41 PKT" skipped="0">
  <testcase classname="TestCases.Messages" name="ALoginWithAdmin" time="15.522"/>
  <testcase classname="TestCases.Messages" name="ChatConversationsMessages" time="5.444"/>
</testsuite> <!-- TestCases.Messages -->
