<?xml version="1.0" encoding="UTF-8"?>
<!-- Generated by org.testng.reporters.JUnitReportReporter -->
<testsuite hostname="MACPK-WKS-0132" failures="0" tests="41" name="Master.ExecutionFile" time="355.462" errors="0" timestamp="2021-03-04T22:29:58 PKT" skipped="0">
  <testcase classname="Master.ExecutionFile" name="LoginApp" time="34.806"/>
  <testcase classname="Master.ExecutionFile" name="Profile" time="22.277"/>
  <testcase classname="Master.ExecutionFile" name="EditAccount" time="21.106"/>
  <testcase classname="Master.ExecutionFile" name="EditPersonal" time="17.862"/>
  <testcase classname="Master.ExecutionFile" name="EditPartner" time="17.667"/>
  <testcase classname="Master.ExecutionFile" name="EditSettings" time="18.926"/>
  <testcase classname="Master.ExecutionFile" name="EditVerification" time="0.314"/>
  <testcase classname="Master.ExecutionFile" name="Chat" time="18.063"/>
  <testcase classname="Master.ExecutionFile" name="BasicSearch" time="7.242"/>
  <testcase classname="Master.ExecutionFile" name="AdvanceSearch" time="11.022"/>
  <testcase classname="Master.ExecutionFile" name="PhotoGallery" time="6.724"/>
  <testcase classname="Master.ExecutionFile" name="VideoGallery" time="3.961"/>
  <testcase classname="Master.ExecutionFile" name="OnlineMembers" time="4.699"/>
  <testcase classname="Master.ExecutionFile" name="RecentMembers" time="2.922"/>
  <testcase classname="Master.ExecutionFile" name="VerifiedMembers" time="2.221"/>
  <testcase classname="Master.ExecutionFile" name="NewestMembers" time="2.394"/>
  <testcase classname="Master.ExecutionFile" name="FeaturedMembers" time="3.208"/>
  <testcase classname="Master.ExecutionFile" name="MyMatchProspects" time="2.939"/>
  <testcase classname="Master.ExecutionFile" name="mMFavouritesProspects" time="3.003"/>
  <testcase classname="Master.ExecutionFile" name="FavoursMeProspects" time="4.555"/>
  <testcase classname="Master.ExecutionFile" name="MyViewedProspects" time="3.721"/>
  <testcase classname="Master.ExecutionFile" name="ViewedMeProspects" time="3.861"/>
  <testcase classname="Master.ExecutionFile" name="MyBlockedProspects" time="4.406"/>
  <testcase classname="Master.ExecutionFile" name="SentMailMessages" time="4.115"/>
  <testcase classname="Master.ExecutionFile" name="ReceivedInterestsMessages" time="4.409"/>
  <testcase classname="Master.ExecutionFile" name="SentInterestMessages" time="4.428"/>
  <testcase classname="Master.ExecutionFile" name="ChatConversationsMessages" time="5.385"/>
  <testcase classname="Master.ExecutionFile" name="OnlineSecuritySupport" time="2.712"/>
  <testcase classname="Master.ExecutionFile" name="RelationshipAdviceSupport" time="2.939"/>
  <testcase classname="Master.ExecutionFile" name="HelpPagesSupport" time="5.502"/>
  <testcase classname="Master.ExecutionFile" name="TestimonialsSupport" time="3.459"/>
  <testcase classname="Master.ExecutionFile" name="AboutUsSupport" time="4.575"/>
  <testcase classname="Master.ExecutionFile" name="ContactUsSupport" time="11.539"/>
  <testcase classname="Master.ExecutionFile" name="Viewed" time="4.036"/>
  <testcase classname="Master.ExecutionFile" name="Recent" time="4.186"/>
  <testcase classname="Master.ExecutionFile" name="Online" time="5.706"/>
  <testcase classname="Master.ExecutionFile" name="Favours" time="2.525"/>
  <testcase classname="Master.ExecutionFile" name="Interests" time="3.614"/>
  <testcase classname="Master.ExecutionFile" name="Mail" time="8.956"/>
  <testcase classname="Master.ExecutionFile" name="Logout" time="12.463"/>
  <testcase classname="Master.ExecutionFile" name="SignUp" time="47.014"/>
</testsuite> <!-- Master.ExecutionFile -->
