<?xml version="1.0" encoding="UTF-8"?>
<!-- Generated by org.testng.reporters.JUnitReportReporter -->
<testsuite hostname="MACPK-WKS-0132" failures="0" tests="1" name="Master.ExecutionFile" time="27.120" errors="0" timestamp="2021-02-23T21:28:16 PKT" skipped="0">
  <testcase classname="Master.ExecutionFile" name="Login_to_SWAARM" time="27.120"/>
</testsuite> <!-- Master.ExecutionFile -->
