<?xml version="1.0" encoding="UTF-8"?>
<!-- Generated by org.testng.reporters.JUnitReportReporter -->
<testsuite hostname="DESKTOP-54E8VAE" failures="0" tests="7" name="TestCases.Profile" time="99.691" errors="0" timestamp="2021-02-25T20:53:05 PKT" skipped="0">
  <testcase classname="TestCases.Profile" name="LoginApp" time="19.951"/>
  <testcase classname="TestCases.Profile" name="Profile" time="14.381"/>
  <testcase classname="TestCases.Profile" name="EditAccount" time="15.305"/>
  <testcase classname="TestCases.Profile" name="EditPersonal" time="12.379"/>
  <testcase classname="TestCases.Profile" name="EditPartner" time="13.269"/>
  <testcase classname="TestCases.Profile" name="EditSettings" time="13.207"/>
  <testcase classname="TestCases.Profile" name="Logout" time="11.199"/>
</testsuite> <!-- TestCases.Profile -->
