<?xml version="1.0" encoding="UTF-8"?>
<!-- Generated by org.testng.reporters.JUnitReportReporter -->
<testsuite hostname="DESKTOP-54E8VAE" failures="0" tests="2" name="TestCases.Search" time="55.718" errors="0" timestamp="2021-02-25T22:18:00 PKT" skipped="0">
  <testcase classname="TestCases.Search" name="LoginApp" time="48.783"/>
  <testcase classname="TestCases.Search" name="AdvanceSearch" time="6.935"/>
</testsuite> <!-- TestCases.Search -->
