<?xml version="1.0" encoding="UTF-8"?>
<!-- Generated by org.testng.reporters.JUnitReportReporter -->
<testsuite hostname="DESKTOP-54E8VAE" failures="0" tests="2" name="TestCases.Messages" time="18.122" errors="0" timestamp="2021-02-27T13:05:44 PKT" skipped="0">
  <testcase classname="TestCases.Messages" name="LoginApp" time="16.175"/>
  <testcase classname="TestCases.Messages" name="ChatConversationsMessages" time="1.947"/>
</testsuite> <!-- TestCases.Messages -->
