<?xml version="1.0" encoding="UTF-8"?>
<!-- Generated by org.testng.reporters.JUnitReportReporter -->
<testsuite hostname="DESKTOP-54E8VAE" failures="0" tests="2" name="TestCases.Members" time="20.407" errors="0" timestamp="2021-02-25T23:38:33 PKT" skipped="0">
  <testcase classname="TestCases.Members" name="LoginApp" time="19.165"/>
  <testcase classname="TestCases.Members" name="FeaturedMembers" time="1.242"/>
</testsuite> <!-- TestCases.Members -->
