<?xml version="1.0" encoding="UTF-8"?>
<!-- Generated by org.testng.reporters.JUnitReportReporter -->
<testsuite hostname="DESKTOP-54E8VAE" failures="0" tests="2" name="TestCases.Mail" time="18.771" errors="0" timestamp="2021-02-27T17:00:25 PKT" skipped="0">
  <testcase classname="TestCases.Mail" name="LoginApp" time="15.068"/>
  <testcase classname="TestCases.Mail" name="Mail" time="3.703"/>
</testsuite> <!-- TestCases.Mail -->
